<?xml version="1.0" encoding="UTF-8"?>
<!-- Generated by org.testng.reporters.JUnitReportReporter -->
<testsuite hostname="DESKTOP-M02POL9" failures="0" tests="2" name="MyTestCases" time="14.215" errors="0" timestamp="2023-05-23T21:56:21 EEST" skipped="0">
  <testcase classname="MyTestCases" name="SingIUp" time="10.247"/>
  <system-out/>
  <testcase classname="MyTestCases" name="SignIn" time="3.968"/>
  <system-out/>
</testsuite> <!-- MyTestCases -->
